d:\c++\c++作业\c++作业\debug\vc143.pdb
d:\c++\c++作业\c++作业\debug\vc143.idb
d:\c++\c++作业\c++作业\debug\winapp.obj
d:\c++\c++作业\c++作业\debug\ui.obj
d:\c++\c++作业\c++作业\debug\foe.obj
d:\c++\c++作业\c++作业\debug\cplayer.obj
d:\c++\c++作业\c++作业\debug\edge.obj
d:\c++\c++作业\c++作业\debug\ctree.obj
d:\c++\c++作业\c++作业\debug\config.obj
d:\c++\c++作业\c++作业\debug\clisttree.obj
d:\c++\c++作业\c++作业\debug\clistfoe.obj
d:\c++\c++作业\c++作业\debug\clistbullet.obj
d:\c++\c++作业\c++作业\debug\cgameframe.obj
d:\c++\c++作业\c++作业\debug\cbullet.obj
d:\c++\c++作业\c++作业\debug\cback.obj
d:\c++\c++作业\debug\c++作业.exe
d:\c++\c++作业\c++作业\debug\c++作业.ilk
d:\c++\c++作业\debug\c++作业.pdb
d:\c++\c++作业\c++作业\debug\clistfoe.obj.enc
d:\c++\c++作业\c++作业\debug\c++作业.tlog\cl.command.1.tlog
d:\c++\c++作业\c++作业\debug\c++作业.tlog\cl.items.tlog
d:\c++\c++作业\c++作业\debug\c++作业.tlog\cl.read.1.tlog
d:\c++\c++作业\c++作业\debug\c++作业.tlog\cl.write.1.tlog
d:\c++\c++作业\c++作业\debug\c++作业.tlog\link.command.1.tlog
d:\c++\c++作业\c++作业\debug\c++作业.tlog\link.read.1.tlog
d:\c++\c++作业\c++作业\debug\c++作业.tlog\link.write.1.tlog
